{"name": "flight page smoke test", "status": "broken", "statusDetails": {"message": "selenium.common.exceptions.TimeoutException: Message: \nStacktrace:\n\tGetHandleVerifier [0x00007FF7DB1202F5+28725]\n\t(No symbol) [0x00007FF7DB082AE0]\n\t(No symbol) [0x00007FF7DAF1510A]\n\t(No symbol) [0x00007FF7DAF693D2]\n\t(No symbol) [0x00007FF7DAF695FC]\n\t(No symbol) [0x00007FF7DAFB3407]\n\t(No symbol) [0x00007FF7DAF8FFEF]\n\t(No symbol) [0x00007FF7DAFB0181]\n\t(No symbol) [0x00007FF7DAF8FD53]\n\t(No symbol) [0x00007FF7DAF5A0E3]\n\t(No symbol) [0x00007FF7DAF5B471]\n\tGetHandleVerifier [0x00007FF7DB44F30D+3366989]\n\tGetHandleVerifier [0x00007FF7DB4612F0+3440688]\n\tGetHandleVerifier [0x00007FF7DB4578FD+3401277]\n\tGetHandleVerifier [0x00007FF7DB1EAAAB+858091]\n\t(No symbol) [0x00007FF7DB08E74F]\n\t(No symbol) [0x00007FF7DB08A304]\n\t(No symbol) [0x00007FF7DB08A49D]\n\t(No symbol) [0x00007FF7DB078B69]\n\tBaseThreadInitThunk [0x00007FFF44367374+20]\n\tRtlUserThreadStart [0x00007FFF44F5CC91+33]", "trace": "self = <Tests.test_flights_booking.Test_mmt_flightapage object at 0x000001E112382270>\n\n    @allure.title(\"flight page smoke test\")\n    @allure.description(\"To verify all the elements are loaded in the flight search page\")\n    @allure.severity(allure.severity_level.CRITICAL)\n    @pytest.mark.flightpage\n    @pytest.mark.smoke\n    def test_smoketest_flightpage(self):\n    \n    \n    \n        # search for the flights in home page\n        BasePageFragments.close_login_model(self)\n        Homepage_mmt.flight_search(self)\n    \n        #verfiy mmt logo is visable and navigates to home page on clicking\n        flights_MMT.logo_visability_and_navigation_in_pages(self)\n    \n        # verify that search bar is displayed\n>       flights_MMT.verify_search_bar_flightPage(self)\n\nTests\\test_flights_booking.py:29: \n_ _ _ _ _ _ _ _ _ _ _ _ _ _ _ _ _ _ _ _ _ _ _ _ _ _ _ _ _ _ _ _ _ _ _ _ _ _ _ _\nPages\\flightspage.py:24: in verify_search_bar_flightPage\n    assert Webelement.findElement(flights_MMT.search_bar) , \"search bar is not dispaled in flight page\"\n_wraper\\webelements.py:44: in findElement\n    if cls.wait_for_element_visible(element_locator):\n_wraper\\webelements.py:25: in wait_for_element_visible\n    return cls.wait().until(EC.presence_of_element_located(element_locator))  # Use presence if visibility is not required\n_ _ _ _ _ _ _ _ _ _ _ _ _ _ _ _ _ _ _ _ _ _ _ _ _ _ _ _ _ _ _ _ _ _ _ _ _ _ _ _\n\nself = <selenium.webdriver.support.wait.WebDriverWait (session=\"a86b67f98239e3f9da40dbf9d8aea84d\")>\nmethod = <function presence_of_element_located.<locals>._predicate at 0x000001E113325DA0>\nmessage = ''\n\n    def until(self, method: Callable[[D], Union[Literal[False], T]], message: str = \"\") -> T:\n        \"\"\"Calls the method provided with the driver as an argument until the \\\n        return value does not evaluate to ``False``.\n    \n        :param method: callable(WebDriver)\n        :param message: optional message for :exc:`TimeoutException`\n        :returns: the result of the last call to `method`\n        :raises: :exc:`selenium.common.exceptions.TimeoutException` if timeout occurs\n        \"\"\"\n        screen = None\n        stacktrace = None\n    \n        end_time = time.monotonic() + self._timeout\n        while True:\n            try:\n                value = method(self._driver)\n                if value:\n                    return value\n            except self._ignored_exceptions as exc:\n                screen = getattr(exc, \"screen\", None)\n                stacktrace = getattr(exc, \"stacktrace\", None)\n            time.sleep(self._poll)\n            if time.monotonic() > end_time:\n                break\n>       raise TimeoutException(message, screen, stacktrace)\nE       selenium.common.exceptions.TimeoutException: Message: \nE       Stacktrace:\nE       \tGetHandleVerifier [0x00007FF7DB1202F5+28725]\nE       \t(No symbol) [0x00007FF7DB082AE0]\nE       \t(No symbol) [0x00007FF7DAF1510A]\nE       \t(No symbol) [0x00007FF7DAF693D2]\nE       \t(No symbol) [0x00007FF7DAF695FC]\nE       \t(No symbol) [0x00007FF7DAFB3407]\nE       \t(No symbol) [0x00007FF7DAF8FFEF]\nE       \t(No symbol) [0x00007FF7DAFB0181]\nE       \t(No symbol) [0x00007FF7DAF8FD53]\nE       \t(No symbol) [0x00007FF7DAF5A0E3]\nE       \t(No symbol) [0x00007FF7DAF5B471]\nE       \tGetHandleVerifier [0x00007FF7DB44F30D+3366989]\nE       \tGetHandleVerifier [0x00007FF7DB4612F0+3440688]\nE       \tGetHandleVerifier [0x00007FF7DB4578FD+3401277]\nE       \tGetHandleVerifier [0x00007FF7DB1EAAAB+858091]\nE       \t(No symbol) [0x00007FF7DB08E74F]\nE       \t(No symbol) [0x00007FF7DB08A304]\nE       \t(No symbol) [0x00007FF7DB08A49D]\nE       \t(No symbol) [0x00007FF7DB078B69]\nE       \tBaseThreadInitThunk [0x00007FFF44367374+20]\nE       \tRtlUserThreadStart [0x00007FFF44F5CC91+33]\n\n..\\..\\AppData\\Local\\Programs\\Python\\Python312\\Lib\\site-packages\\selenium\\webdriver\\support\\wait.py:105: TimeoutException"}, "description": "To verify all the elements are loaded in the flight search page", "attachments": [{"name": "stdout", "source": "d05df21f-3511-40e3-a561-e06a2a4f07f6-attachment.txt", "type": "text/plain"}], "start": 1739336475433, "stop": 1739336515591, "uuid": "ada5e6bf-8f04-43de-8225-9cde753bf482", "historyId": "dd9434d8183fb9a98667f29fa17de8d3", "testCaseId": "dd9434d8183fb9a98667f29fa17de8d3", "fullName": "Tests.test_flights_booking.Test_mmt_flightapage#test_smoketest_flightpage", "labels": [{"name": "severity", "value": "critical"}, {"name": "tag", "value": "smoke"}, {"name": "tag", "value": "flightpage"}, {"name": "parentSuite", "value": "Tests"}, {"name": "suite", "value": "test_flights_booking"}, {"name": "subSuite", "value": "Test_mmt_flightapage"}, {"name": "host", "value": "COGNINE-L135"}, {"name": "thread", "value": "41036-MainThread"}, {"name": "framework", "value": "pytest"}, {"name": "language", "value": "cpython3"}, {"name": "package", "value": "Tests.test_flights_booking"}]}